<?xml version="1.0" encoding="UTF-8"?>
<testng-results ignored="0" total="3" passed="2" failed="1" skipped="0">
  <reporter-output>
  </reporter-output>
  <suite started-at="2023-04-15T15:31:03 IST" name="Suite" finished-at="2023-04-15T15:31:42 IST" duration-ms="38734">
    <groups>
    </groups>
    <test started-at="2023-04-15T15:31:03 IST" name=" Login Test" finished-at="2023-04-15T15:31:11 IST" duration-ms="8158">
      <class name="testcase.LoginTest">
        <test-method signature="login()[pri:1, instance:testcase.LoginTest@47caedad]" started-at="2023-04-15T15:31:03 IST" name="login" finished-at="2023-04-15T15:31:11 IST" duration-ms="8070" status="PASS">
          <reporter-output>
          </reporter-output>
        </test-method> <!-- login -->
      </class> <!-- testcase.LoginTest -->
    </test> <!--  Login Test -->
    <test started-at="2023-04-15T15:31:11 IST" name="DMT Test" finished-at="2023-04-15T15:31:12 IST" duration-ms="680">
      <class name="testcase.DmtTest">
        <test-method signature="AremitSenderRegistration()[pri:2, instance:testcase.DmtTest@1e16c0aa]" started-at="2023-04-15T15:31:11 IST" name="AremitSenderRegistration" finished-at="2023-04-15T15:31:12 IST" duration-ms="671" status="PASS">
          <reporter-output>
          </reporter-output>
        </test-method> <!-- AremitSenderRegistration -->
      </class> <!-- testcase.DmtTest -->
    </test> <!-- DMT Test -->
    <test started-at="2023-04-15T15:31:12 IST" name="SenderRegistration Test" finished-at="2023-04-15T15:31:42 IST" duration-ms="29755">
      <class name="utilities.ExcelReader">
        <test-method is-config="true" signature="setUp()[pri:0, instance:utilities.ExcelReader@2fb0623e]" started-at="2023-04-15T15:30:56 IST" name="setUp" finished-at="2023-04-15T15:31:03 IST" duration-ms="7018" status="PASS">
          <reporter-output>
          </reporter-output>
        </test-method> <!-- setUp -->
        <test-method signature="ExcelReadeing()[pri:3, instance:utilities.ExcelReader@2fb0623e]" started-at="2023-04-15T15:31:12 IST" name="ExcelReadeing" finished-at="2023-04-15T15:31:42 IST" duration-ms="29741" status="FAIL">
          <exception class="java.lang.NullPointerException">
            <message>
              <![CDATA[Cannot invoke "org.apache.poi.xssf.usermodel.XSSFCell.getStringCellValue()" because the return value of "org.apache.poi.xssf.usermodel.XSSFRow.getCell(int)" is null]]>
            </message>
            <full-stacktrace>
              <![CDATA[java.lang.NullPointerException: Cannot invoke "org.apache.poi.xssf.usermodel.XSSFCell.getStringCellValue()" because the return value of "org.apache.poi.xssf.usermodel.XSSFRow.getCell(int)" is null
at utilities.ExcelReader.ExcelReadeing(ExcelReader.java:66)
at java.base/jdk.internal.reflect.NativeMethodAccessorImpl.invoke0(Native Method)
at java.base/jdk.internal.reflect.NativeMethodAccessorImpl.invoke(NativeMethodAccessorImpl.java:77)
at java.base/jdk.internal.reflect.DelegatingMethodAccessorImpl.invoke(DelegatingMethodAccessorImpl.java:43)
at java.base/java.lang.reflect.Method.invoke(Method.java:568)
at org.testng.internal.invokers.MethodInvocationHelper.invokeMethod(MethodInvocationHelper.java:139)
at org.testng.internal.invokers.TestInvoker.invokeMethod(TestInvoker.java:677)
at org.testng.internal.invokers.TestInvoker.invokeTestMethod(TestInvoker.java:221)
at org.testng.internal.invokers.MethodRunner.runInSequence(MethodRunner.java:50)
at org.testng.internal.invokers.TestInvoker$MethodInvocationAgent.invoke(TestInvoker.java:969)
at org.testng.internal.invokers.TestInvoker.invokeTestMethods(TestInvoker.java:194)
at org.testng.internal.invokers.TestMethodWorker.invokeTestMethods(TestMethodWorker.java:148)
at org.testng.internal.invokers.TestMethodWorker.run(TestMethodWorker.java:128)
at java.base/java.util.ArrayList.forEach(ArrayList.java:1511)
at org.testng.TestRunner.privateRun(TestRunner.java:829)
at org.testng.TestRunner.run(TestRunner.java:602)
at org.testng.SuiteRunner.runTest(SuiteRunner.java:437)
at org.testng.SuiteRunner.runSequentially(SuiteRunner.java:431)
at org.testng.SuiteRunner.privateRun(SuiteRunner.java:391)
at org.testng.SuiteRunner.run(SuiteRunner.java:330)
at org.testng.SuiteRunnerWorker.runSuite(SuiteRunnerWorker.java:52)
at org.testng.SuiteRunnerWorker.run(SuiteRunnerWorker.java:95)
at org.testng.TestNG.runSuitesSequentially(TestNG.java:1256)
at org.testng.TestNG.runSuitesLocally(TestNG.java:1176)
at org.testng.TestNG.runSuites(TestNG.java:1099)
at org.testng.TestNG.run(TestNG.java:1067)
at org.testng.remote.AbstractRemoteTestNG.run(AbstractRemoteTestNG.java:115)
at org.testng.remote.RemoteTestNG.initAndRun(RemoteTestNG.java:251)
at org.testng.remote.RemoteTestNG.main(RemoteTestNG.java:77)
]]>
            </full-stacktrace>
          </exception> <!-- java.lang.NullPointerException -->
          <reporter-output>
          </reporter-output>
        </test-method> <!-- ExcelReadeing -->
        <test-method is-config="true" signature="tearDown()[pri:0, instance:utilities.ExcelReader@2fb0623e]" started-at="2023-04-15T15:31:42 IST" name="tearDown" finished-at="2023-04-15T15:31:42 IST" duration-ms="0" status="PASS">
          <reporter-output>
          </reporter-output>
        </test-method> <!-- tearDown -->
      </class> <!-- utilities.ExcelReader -->
    </test> <!-- SenderRegistration Test -->
  </suite> <!-- Suite -->
</testng-results>
